# JRE version: OpenJDK Runtime Environment Temurin-23.0.2+7 (23.0.2+7) (build 23.0.2+7)
# Java VM: OpenJDK 64-Bit Server VM Temurin-23.0.2+7 (23.0.2+7, mixed mode, emulated-client, sharing, tiered, compressed oops, compressed class ptrs, g1 gc, windows-amd64)
GC Precious Log:
 CardTable entry size: 512
 Card Set container configuration: InlinePtr #cards 4 size 8 Array Of Cards #cards 16 size 48 Howl #buckets 8 coarsen threshold 3686 Howl Bitmap #cards 512 size 80 coarsen threshold 460 Card regions per heap region 1 cards per card region 4096
 CPUs: 16 total, 16 available
 Memory: 15681M
 Large Page Support: Disabled
 NUMA Support: Disabled
 Compressed Oops: Enabled (Zero based)
 Heap Region Size: 2M
 Heap Min Capacity: 8M
 Heap Initial Capacity: 246M
 Heap Max Capacity: 3922M
 Pre-touch: Disabled
 Parallel Workers: 13
 Concurrent Workers: 3
 Concurrent Refinement Workers: 13
 Periodic GC: Disabled
Heap:
 garbage-first heap   total reserved 4016128K, committed 147456K, used 87931K [0x000000070ae00000, 0x0000000800000000)
  region size 2048K, 13 young (26624K), 4 survivors (8192K)
 Metaspace       used 120307K, committed 121600K, reserved 1179648K
  class space    used 17081K, committed 17664K, reserved 1048576K
GC Heap History (20 events):
Event: 295.644 GC heap before
{Heap before GC invocations=75 (full 2):
 garbage-first heap   total reserved 4016128K, committed 122880K, used 105825K [0x000000070ae00000, 0x0000000800000000)
  region size 2048K, 27 young (55296K), 3 survivors (6144K)
 Metaspace       used 115563K, committed 116608K, reserved 1179648K
  class space    used 16592K, committed 17088K, reserved 1048576K
}
Event: 295.649 GC heap after
{Heap after GC invocations=76 (full 2):
 garbage-first heap   total reserved 4016128K, committed 122880K, used 58609K [0x000000070ae00000, 0x0000000800000000)
  region size 2048K, 3 young (6144K), 3 survivors (6144K)
 Metaspace       used 115563K, committed 116608K, reserved 1179648K
  class space    used 16592K, committed 17088K, reserved 1048576K
}
Event: 295.954 GC heap before
{Heap before GC invocations=77 (full 2):
 garbage-first heap   total reserved 4016128K, committed 122880K, used 103665K [0x000000070ae00000, 0x0000000800000000)
  region size 2048K, 25 young (51200K), 3 survivors (6144K)
 Metaspace       used 116343K, committed 117440K, reserved 1179648K
  class space    used 16642K, committed 17152K, reserved 1048576K
}
Event: 295.957 GC heap after
{Heap after GC invocations=78 (full 2):
 garbage-first heap   total reserved 4016128K, committed 122880K, used 60455K [0x000000070ae00000, 0x0000000800000000)
  region size 2048K, 2 young (4096K), 2 survivors (4096K)
 Metaspace       used 116343K, committed 117440K, reserved 1179648K
  class space    used 16642K, committed 17152K, reserved 1048576K
}
Event: 296.347 GC heap before
{Heap before GC invocations=78 (full 2):
 garbage-first heap   total reserved 4016128K, committed 122880K, used 107559K [0x000000070ae00000, 0x0000000800000000)
  region size 2048K, 25 young (51200K), 2 survivors (4096K)
 Metaspace       used 116467K, committed 117504K, reserved 1179648K
  class space    used 16651K, committed 17152K, reserved 1048576K
}
Event: 296.350 GC heap after
{Heap after GC invocations=79 (full 2):
 garbage-first heap   total reserved 4016128K, committed 147456K, used 62246K [0x000000070ae00000, 0x0000000800000000)
  region size 2048K, 3 young (6144K), 3 survivors (6144K)
 Metaspace       used 116467K, committed 117504K, reserved 1179648K
  class space    used 16651K, committed 17152K, reserved 1048576K
}
Event: 301.339 GC heap before
{Heap before GC invocations=79 (full 2):
 garbage-first heap   total reserved 4016128K, committed 147456K, used 90918K [0x000000070ae00000, 0x0000000800000000)
  region size 2048K, 18 young (36864K), 3 survivors (6144K)
 Metaspace       used 116501K, committed 117568K, reserved 1179648K
  class space    used 16654K, committed 17152K, reserved 1048576K
}
Event: 301.401 GC heap after
{Heap after GC invocations=80 (full 3):
 garbage-first heap   total reserved 4016128K, committed 147456K, used 47658K [0x000000070ae00000, 0x0000000800000000)
  region size 2048K, 0 young (0K), 0 survivors (0K)
 Metaspace       used 116499K, committed 117568K, reserved 1179648K
  class space    used 16654K, committed 17152K, reserved 1048576K
}
Event: 302.241 GC heap before
{Heap before GC invocations=80 (full 3):
 garbage-first heap   total reserved 4016128K, committed 147456K, used 125482K [0x000000070ae00000, 0x0000000800000000)
  region size 2048K, 39 young (79872K), 0 survivors (0K)
 Metaspace       used 117329K, committed 118400K, reserved 1179648K
  class space    used 16773K, committed 17216K, reserved 1048576K
}
Event: 302.246 GC heap after
{Heap after GC invocations=81 (full 3):
 garbage-first heap   total reserved 4016128K, committed 147456K, used 53802K [0x000000070ae00000, 0x0000000800000000)
  region size 2048K, 3 young (6144K), 3 survivors (6144K)
 Metaspace       used 117329K, committed 118400K, reserved 1179648K
  class space    used 16773K, committed 17216K, reserved 1048576K
}
Event: 302.885 GC heap before
{Heap before GC invocations=82 (full 3):
 garbage-first heap   total reserved 4016128K, committed 147456K, used 121386K [0x000000070ae00000, 0x0000000800000000)
  region size 2048K, 36 young (73728K), 3 survivors (6144K)
 Metaspace       used 117673K, committed 118720K, reserved 1179648K
  class space    used 16814K, committed 17280K, reserved 1048576K
}
Event: 302.890 GC heap after
{Heap after GC invocations=83 (full 3):
 garbage-first heap   total reserved 4016128K, committed 147456K, used 57529K [0x000000070ae00000, 0x0000000800000000)
  region size 2048K, 2 young (4096K), 2 survivors (4096K)
 Metaspace       used 117673K, committed 118720K, reserved 1179648K
  class space    used 16814K, committed 17280K, reserved 1048576K
}
Event: 303.494 GC heap before
{Heap before GC invocations=83 (full 3):
 garbage-first heap   total reserved 4016128K, committed 147456K, used 125113K [0x000000070ae00000, 0x0000000800000000)
  region size 2048K, 35 young (71680K), 2 survivors (4096K)
 Metaspace       used 118789K, committed 119808K, reserved 1179648K
  class space    used 16886K, committed 17344K, reserved 1048576K
}
Event: 303.498 GC heap after
{Heap after GC invocations=84 (full 3):
 garbage-first heap   total reserved 4016128K, committed 147456K, used 60660K [0x000000070ae00000, 0x0000000800000000)
  region size 2048K, 4 young (8192K), 4 survivors (8192K)
 Metaspace       used 118789K, committed 119808K, reserved 1179648K
  class space    used 16886K, committed 17344K, reserved 1048576K
}
Event: 304.025 GC heap before
{Heap before GC invocations=84 (full 3):
 garbage-first heap   total reserved 4016128K, committed 147456K, used 122100K [0x000000070ae00000, 0x0000000800000000)
  region size 2048K, 34 young (69632K), 4 survivors (8192K)
 Metaspace       used 119660K, committed 120704K, reserved 1179648K
  class space    used 16945K, committed 17408K, reserved 1048576K
}
Event: 304.030 GC heap after
{Heap after GC invocations=85 (full 3):
 garbage-first heap   total reserved 4016128K, committed 147456K, used 63321K [0x000000070ae00000, 0x0000000800000000)
  region size 2048K, 3 young (6144K), 3 survivors (6144K)
 Metaspace       used 119660K, committed 120704K, reserved 1179648K
  class space    used 16945K, committed 17408K, reserved 1048576K
}
Event: 314.724 GC heap before
{Heap before GC invocations=86 (full 3):
 garbage-first heap   total reserved 4016128K, committed 147456K, used 126809K [0x000000070ae00000, 0x0000000800000000)
  region size 2048K, 34 young (69632K), 3 survivors (6144K)
 Metaspace       used 119741K, committed 120832K, reserved 1179648K
  class space    used 16953K, committed 17408K, reserved 1048576K
}
Event: 314.728 GC heap after
{Heap after GC invocations=87 (full 3):
 garbage-first heap   total reserved 4016128K, committed 147456K, used 64921K [0x000000070ae00000, 0x0000000800000000)
  region size 2048K, 3 young (6144K), 3 survivors (6144K)
 Metaspace       used 119741K, committed 120832K, reserved 1179648K
  class space    used 16953K, committed 17408K, reserved 1048576K
}
Event: 387.012 GC heap before
{Heap before GC invocations=87 (full 3):
 garbage-first heap   total reserved 4016128K, committed 147456K, used 122265K [0x000000070ae00000, 0x0000000800000000)
  region size 2048K, 32 young (65536K), 3 survivors (6144K)
 Metaspace       used 120250K, committed 121600K, reserved 1179648K
  class space    used 17078K, committed 17664K, reserved 1048576K
}
Event: 387.019 GC heap after
{Heap after GC invocations=88 (full 3):
 garbage-first heap   total reserved 4016128K, committed 147456K, used 71547K [0x000000070ae00000, 0x0000000800000000)
  region size 2048K, 4 young (8192K), 4 survivors (8192K)
 Metaspace       used 120250K, committed 121600K, reserved 1179648K
  class space    used 17078K, committed 17664K, reserved 1048576K
}

